  Animator.cpp
  BossWeapon.cpp
  Box.cpp
  Bullet.cpp
  BulletHandler.cpp
  CircleState.cpp
  Collision.cpp
  DeathState.cpp
  Enemy.cpp
  EnemyState.cpp
  Entity.cpp
  FractalBullet.cpp
  Game.cpp
  GameObject.cpp
  GameState.cpp
  main.cpp
  MenuState.cpp
  normalBullet.cpp
  Player.cpp
  PlayerWeapon.cpp
  Generating Code...
  Compiling...
  PlayState.cpp
  ResourceManager.cpp
  CircleWeapon.cpp
  TestScene.cpp
  Weapon.cpp
  Generating Code...
  MainProgram.vcxproj -> D:\University\Programmering 2\Git Projects\Star Attack\Star_Attack\SFML\CodePC\../Bin/x64/TemplateD.exe
