d:\university\programmering 2\git projects\star attack\star_attack\sfml\obj\x64\template\debug\vc141.pdb
d:\university\programmering 2\git projects\star attack\star_attack\sfml\obj\x64\template\debug\vc141.idb
d:\university\programmering 2\git projects\star attack\star_attack\sfml\obj\x64\template\debug\playerweapon.obj
d:\university\programmering 2\git projects\star attack\star_attack\sfml\obj\x64\template\debug\player.obj
d:\university\programmering 2\git projects\star attack\star_attack\sfml\obj\x64\template\debug\normalbullet.obj
d:\university\programmering 2\git projects\star attack\star_attack\sfml\obj\x64\template\debug\menustate.obj
d:\university\programmering 2\git projects\star attack\star_attack\sfml\obj\x64\template\debug\main.obj
d:\university\programmering 2\git projects\star attack\star_attack\sfml\obj\x64\template\debug\gamestate.obj
d:\university\programmering 2\git projects\star attack\star_attack\sfml\obj\x64\template\debug\gameobject.obj
d:\university\programmering 2\git projects\star attack\star_attack\sfml\obj\x64\template\debug\game.obj
d:\university\programmering 2\git projects\star attack\star_attack\sfml\obj\x64\template\debug\fractalbullet.obj
d:\university\programmering 2\git projects\star attack\star_attack\sfml\obj\x64\template\debug\entity.obj
d:\university\programmering 2\git projects\star attack\star_attack\sfml\obj\x64\template\debug\enemystate.obj
d:\university\programmering 2\git projects\star attack\star_attack\sfml\obj\x64\template\debug\enemy.obj
d:\university\programmering 2\git projects\star attack\star_attack\sfml\obj\x64\template\debug\deathstate.obj
d:\university\programmering 2\git projects\star attack\star_attack\sfml\obj\x64\template\debug\collision.obj
d:\university\programmering 2\git projects\star attack\star_attack\sfml\obj\x64\template\debug\circlestate.obj
d:\university\programmering 2\git projects\star attack\star_attack\sfml\obj\x64\template\debug\bullethandler.obj
d:\university\programmering 2\git projects\star attack\star_attack\sfml\obj\x64\template\debug\bullet.obj
d:\university\programmering 2\git projects\star attack\star_attack\sfml\obj\x64\template\debug\box.obj
d:\university\programmering 2\git projects\star attack\star_attack\sfml\obj\x64\template\debug\bossweapon.obj
d:\university\programmering 2\git projects\star attack\star_attack\sfml\obj\x64\template\debug\animator.obj
d:\university\programmering 2\git projects\star attack\star_attack\sfml\obj\x64\template\debug\weapon.obj
d:\university\programmering 2\git projects\star attack\star_attack\sfml\obj\x64\template\debug\testscene.obj
d:\university\programmering 2\git projects\star attack\star_attack\sfml\obj\x64\template\debug\circleweapon.obj
d:\university\programmering 2\git projects\star attack\star_attack\sfml\obj\x64\template\debug\resourcemanager.obj
d:\university\programmering 2\git projects\star attack\star_attack\sfml\obj\x64\template\debug\playstate.obj
d:\university\programmering 2\git projects\star attack\star_attack\sfml\bin\x64\templated.ilk
d:\university\programmering 2\git projects\star attack\star_attack\sfml\bin\x64\templated.exe
d:\university\programmering 2\git projects\star attack\star_attack\sfml\bin\x64\templated.pdb
d:\university\programmering 2\git projects\star attack\star_attack\sfml\codepc\../bin/x64/templated.pdb
d:\university\programmering 2\git projects\star attack\star_attack\sfml\codepc\../bin/x64/templated.exe
d:\university\programmering 2\git projects\star attack\star_attack\sfml\codepc\../bin/x64/templated.ilk
d:\university\programmering 2\git projects\star attack\star_attack\sfml\obj\x64\template\debug\template.tlog\cl.command.1.tlog
d:\university\programmering 2\git projects\star attack\star_attack\sfml\obj\x64\template\debug\template.tlog\cl.read.1.tlog
d:\university\programmering 2\git projects\star attack\star_attack\sfml\obj\x64\template\debug\template.tlog\cl.write.1.tlog
d:\university\programmering 2\git projects\star attack\star_attack\sfml\obj\x64\template\debug\template.tlog\link.command.1.tlog
d:\university\programmering 2\git projects\star attack\star_attack\sfml\obj\x64\template\debug\template.tlog\link.read.1.tlog
d:\university\programmering 2\git projects\star attack\star_attack\sfml\obj\x64\template\debug\template.tlog\link.write.1.tlog
